<?xml version="1.0" encoding="UTF-8"?>
<!-- Generated by org.testng.reporters.JUnitReportReporter -->
<testsuite hostname="DELL-PC" name="osc.runner.OscRunner" tests="1" failures="1" timestamp="25 Jan 2020 23:59:58 GMT" time="32.291" errors="0">
  <testcase name="feature" time="32.291" classname="osc.runner.OscRunner">
    <failure type="cucumber.runtime.CucumberException" message="cucumber.runtime.CucumberException: Arity mismatch: Step Definition &#039;osc.stepdef.OscValidUserLogininStepDef.i_enter_invalid_username_as_and_password_as(String,String,String,String) in file:/C:/Users/DELL/workspace/OSCommerce/target/test-classes/&#039; with pattern [^i enter valid username as &quot;([^&quot;]*)&quot; and password as &quot;([^&quot;]*)&quot;$] is declared with 4 parameters. However, the gherkin step has 2 arguments [testwahid900@gmail.com, asdzxc99]. 
Step: When i enter valid username as &quot;testwahid900@gmail.com&quot; and password as &quot;asdzxc99&quot;">
      <![CDATA[cucumber.runtime.CucumberException: cucumber.runtime.CucumberException: Arity mismatch: Step Definition 'osc.stepdef.OscValidUserLogininStepDef.i_enter_invalid_username_as_and_password_as(String,String,String,String) in file:/C:/Users/DELL/workspace/OSCommerce/target/test-classes/' with pattern [^i enter valid username as "([^"]*)" and password as "([^"]*)"$] is declared with 4 parameters. However, the gherkin step has 2 arguments [testwahid900@gmail.com, asdzxc99]. 
Step: When i enter valid username as "testwahid900@gmail.com" and password as "asdzxc99"
	at cucumber.api.testng.TestNGCucumberRunner.runCucumber(TestNGCucumberRunner.java:69)
	at cucumber.api.testng.AbstractTestNGCucumberTests.feature(AbstractTestNGCucumberTests.java:21)
	at sun.reflect.NativeMethodAccessorImpl.invoke0(Native Method)
	at sun.reflect.NativeMethodAccessorImpl.invoke(Unknown Source)
	at sun.reflect.DelegatingMethodAccessorImpl.invoke(Unknown Source)
	at java.lang.reflect.Method.invoke(Unknown Source)
	at org.testng.internal.MethodInvocationHelper.invokeMethod(MethodInvocationHelper.java:80)
	at org.testng.internal.Invoker.invokeMethod(Invoker.java:714)
	at org.testng.internal.Invoker.invokeTestMethod(Invoker.java:901)
	at org.testng.internal.Invoker.invokeTestMethods(Invoker.java:1231)
	at org.testng.internal.TestMethodWorker.invokeTestMethods(TestMethodWorker.java:127)
	at org.testng.internal.TestMethodWorker.run(TestMethodWorker.java:111)
	at org.testng.TestRunner.privateRun(TestRunner.java:767)
	at org.testng.TestRunner.run(TestRunner.java:617)
	at org.testng.SuiteRunner.runTest(SuiteRunner.java:334)
	at org.testng.SuiteRunner.runSequentially(SuiteRunner.java:329)
	at org.testng.SuiteRunner.privateRun(SuiteRunner.java:291)
	at org.testng.SuiteRunner.run(SuiteRunner.java:240)
	at org.testng.SuiteRunnerWorker.runSuite(SuiteRunnerWorker.java:52)
	at org.testng.SuiteRunnerWorker.run(SuiteRunnerWorker.java:86)
	at org.testng.TestNG.runSuitesSequentially(TestNG.java:1198)
	at org.testng.TestNG.runSuitesLocally(TestNG.java:1123)
	at org.testng.TestNG.run(TestNG.java:1031)
	at org.testng.remote.AbstractRemoteTestNG.run(AbstractRemoteTestNG.java:126)
	at org.testng.remote.RemoteTestNG.initAndRun(RemoteTestNG.java:137)
	at org.testng.remote.RemoteTestNG.main(RemoteTestNG.java:58)
Caused by: cucumber.runtime.CucumberException: Arity mismatch: Step Definition 'osc.stepdef.OscValidUserLogininStepDef.i_enter_invalid_username_as_and_password_as(String,String,String,String) in file:/C:/Users/DELL/workspace/OSCommerce/target/test-classes/' with pattern [^i enter valid username as "([^"]*)" and password as "([^"]*)"$] is declared with 4 parameters. However, the gherkin step has 2 arguments [testwahid900@gmail.com, asdzxc99]. 
Step: When i enter valid username as "testwahid900@gmail.com" and password as "asdzxc99"
	at cucumber.runtime.StepDefinitionMatch.arityMismatch(StepDefinitionMatch.java:102)
	at cucumber.runtime.StepDefinitionMatch.transformedArgs(StepDefinitionMatch.java:60)
	at cucumber.runtime.StepDefinitionMatch.runStep(StepDefinitionMatch.java:37)
	at cucumber.runtime.Runtime.runStep(Runtime.java:299)
	at cucumber.runtime.model.StepContainer.runStep(StepContainer.java:44)
	at cucumber.runtime.model.StepContainer.runSteps(StepContainer.java:39)
	at cucumber.runtime.model.CucumberScenario.run(CucumberScenario.java:44)
	at cucumber.runtime.model.CucumberFeature.run(CucumberFeature.java:165)
	at cucumber.api.testng.TestNGCucumberRunner.runCucumber(TestNGCucumberRunner.java:63)
	... 25 more
]]>
    </failure>
  </testcase> <!-- feature -->
</testsuite> <!-- osc.runner.OscRunner -->
